info it worked if it ends with ok
verbose cli [ 'node', '/usr/local/bin/npm', 'install', '-g', 'node-inspector' ]
info using npm@1.1.0-3
info using node@v0.6.9
verbose config file /Users/Jeff/.npmrc
verbose config file /usr/local/etc/npmrc
verbose config file /usr/local/lib/node_modules/npm/npmrc
silly exec /usr/local/bin/node "/usr/local/lib/node_modules/npm/bin/npm-get-uid-gid.js" "nobody" 20
silly spawning [ '/usr/local/bin/node',
silly spawning   [ '/usr/local/lib/node_modules/npm/bin/npm-get-uid-gid.js',
silly spawning     'nobody',
silly spawning     20 ],
silly spawning   null ]
silly output from getuid/gid {"uid":-2,"gid":20}
silly output from getuid/gid 
verbose cache add [ 'node-inspector', null ]
silly cache add: name, spec, args [ undefined, 'node-inspector', [ 'node-inspector', null ] ]
verbose parsed url { pathname: 'node-inspector',
verbose parsed url   path: 'node-inspector',
verbose parsed url   href: 'node-inspector' }
verbose addNamed [ 'node-inspector', '' ]
verbose addNamed [ null, '' ]
silly name, range, hasData [ 'node-inspector', '', false ]
verbose raw, before any munging node-inspector
verbose url resolving [ 'https://registry.npmjs.org/', './node-inspector' ]
verbose url resolved https://registry.npmjs.org/node-inspector
verbose etag "B9VYPZ9F632PR2AJAO23608MD"
http GET https://registry.npmjs.org/node-inspector
http 304 https://registry.npmjs.org/node-inspector
silly get cb [ 304,
silly get cb   { server: 'CouchDB/1.2.0 (Erlang OTP/R15B)',
silly get cb     etag: '"B9VYPZ9F632PR2AJAO23608MD"',
silly get cb     date: 'Tue, 12 Jun 2012 09:54:35 GMT',
silly get cb     'content-length': '0' } ]
verbose etag node-inspector from cache
silly name, range, hasData 2 [ 'node-inspector', '', true ]
silly versions [ 'node-inspector',
silly versions   [ '0.0.1',
silly versions     '0.0.2',
silly versions     '0.0.3',
silly versions     '0.0.4',
silly versions     '0.1.0',
silly versions     '0.1.1',
silly versions     '0.1.2',
silly versions     '0.1.3',
silly versions     '0.1.4',
silly versions     '0.1.5',
silly versions     '0.1.6',
silly versions     '0.1.7',
silly versions     '0.1.8',
silly versions     '0.1.9',
silly versions     '0.1.10',
silly versions     '0.2.0beta1',
silly versions     '0.2.0beta2' ] ]
verbose bin dist [ '0.6-ares1.7.5-DEV-evundefined-openssl0.9.8r-v83.6.6.19-darwin-x64-11.4.0',
verbose bin dist   { shasum: 'ad3491ff0fa7e5d1c1088e59d6909eb00573a5af',
verbose bin dist     tarball: 'http://registry.npmjs.org/node-inspector/-/node-inspector-0.2.0beta2.tgz' } ]
verbose caching /Users/Jeff/.npm/node-inspector/0.2.0beta2/package/package.json
verbose loadDefaults node-inspector@0.2.0beta2
silly resolved [ { name: 'node-inspector',
silly resolved     version: '0.2.0beta2',
silly resolved     description: 'Web Inspector based nodeJS debugger',
silly resolved     homepage: 'http://github.com/dannycoates/node-inspector',
silly resolved     author: { name: 'Danny Coates', email: 'dannycoates@gmail.com' },
silly resolved     keywords: [ 'debug', 'debugger', 'inspector', 'profiler' ],
silly resolved     repository: 
silly resolved      { type: 'git',
silly resolved        url: 'git://github.com/dannycoates/node-inspector.git' },
silly resolved     engines: { node: '>=0.6.0' },
silly resolved     bin: { 'node-inspector': './bin/inspector.js' },
silly resolved     dependencies: { 'socket.io': '~0.9', connect: '~1.8.5', async: '~0.1' },
silly resolved     preferGlobal: true,
silly resolved     _id: 'node-inspector@0.2.0beta2',
silly resolved     devDependencies: {},
silly resolved     optionalDependencies: {},
silly resolved     _engineSupported: true,
silly resolved     _npmVersion: '1.1.0-3',
silly resolved     _nodeVersion: 'v0.6.9',
silly resolved     _defaultsLoaded: true } ]
info into /usr/local/lib node-inspector@0.2.0beta2
info installOne node-inspector@0.2.0beta2
info unbuild /usr/local/lib/node_modules/node-inspector
ERR! error installing node-inspector@0.2.0beta2
info unbuild /usr/local/lib/node_modules/node-inspector
ERR! error rolling back node-inspector@0.2.0beta2 Error: UNKNOWN, unknown error '/usr/local/lib/node_modules/node-inspector/node_modules/socket.io/node_modules/socket.io-client/lib'
verbose installOne cb node-inspector@0.2.0beta2
ERR! Error: UNKNOWN, unknown error '/usr/local/lib/node_modules/node-inspector/node_modules/socket.io/node_modules/socket.io-client/lib'
ERR! You may report this log at:
ERR!     <http://github.com/isaacs/npm/issues>
ERR! or email it to:
ERR!     <npm-@googlegroups.com>
ERR! 
ERR! System Darwin 11.4.0
ERR! command "node" "/usr/local/bin/npm" "install" "-g" "node-inspector"
ERR! cwd /Users/Jeff/git/node-nforce-demo
ERR! node -v v0.6.9
ERR! npm -v 1.1.0-3
ERR! path /usr/local/lib/node_modules/node-inspector/node_modules/socket.io/node_modules/socket.io-client/lib
ERR! code UNKNOWN
ERR! message UNKNOWN, unknown error '/usr/local/lib/node_modules/node-inspector/node_modules/socket.io/node_modules/socket.io-client/lib'
ERR! errno {}
verbose exit [ 1, true ]
